::1 - - [15/Apr/2022:07:32:53 +0000] "POST /routes/artists/get-song HTTP/1.1" 404 163 "-" "PostmanRuntime/7.29.0"
::1 - - [15/Apr/2022:07:33:06 +0000] "POST /routes/songs/get-song HTTP/1.1" 200 69 "-" "PostmanRuntime/7.29.0"
::1 - - [15/Apr/2022:07:34:16 +0000] "POST /routes/songs/get-song HTTP/1.1" 200 69 "-" "PostmanRuntime/7.29.0"
::1 - - [15/Apr/2022:07:34:28 +0000] "GET /routes/artists HTTP/1.1" 200 499 "-" "PostmanRuntime/7.29.0"
::1 - - [15/Apr/2022:07:37:24 +0000] "POST /routes/artists/add-artist HTTP/1.1" 400 57 "http://localhost:3000/" "Mozilla/5.0 (Windows NT 10.0; Win64; x64) AppleWebKit/537.36 (KHTML, like Gecko) Chrome/100.0.4896.75 Safari/537.36"
::1 - - [15/Apr/2022:07:39:16 +0000] "POST /routes/artists/add-artist HTTP/1.1" 200 45 "http://localhost:3000/" "Mozilla/5.0 (Windows NT 10.0; Win64; x64) AppleWebKit/537.36 (KHTML, like Gecko) Chrome/100.0.4896.75 Safari/537.36"
::1 - - [15/Apr/2022:07:39:37 +0000] "POST /routes/artists/add-artist HTTP/1.1" 200 48 "http://localhost:3000/" "Mozilla/5.0 (Windows NT 10.0; Win64; x64) AppleWebKit/537.36 (KHTML, like Gecko) Chrome/100.0.4896.75 Safari/537.36"
::1 - - [15/Apr/2022:07:42:06 +0000] "GET /routes/artists HTTP/1.1" 200 586 "http://localhost:3000/" "Mozilla/5.0 (Windows NT 10.0; Win64; x64) AppleWebKit/537.36 (KHTML, like Gecko) Chrome/100.0.4896.75 Safari/537.36"
::1 - - [15/Apr/2022:07:42:12 +0000] "DELETE /routes/artists/5 HTTP/1.1" 200 38 "http://localhost:3000/" "Mozilla/5.0 (Windows NT 10.0; Win64; x64) AppleWebKit/537.36 (KHTML, like Gecko) Chrome/100.0.4896.75 Safari/537.36"
::1 - - [15/Apr/2022:07:42:33 +0000] "GET /routes/artists HTTP/1.1" 200 541 "http://localhost:3000/" "Mozilla/5.0 (Windows NT 10.0; Win64; x64) AppleWebKit/537.36 (KHTML, like Gecko) Chrome/100.0.4896.75 Safari/537.36"
::1 - - [15/Apr/2022:07:42:35 +0000] "DELETE /routes/artists/4 HTTP/1.1" 200 35 "http://localhost:3000/" "Mozilla/5.0 (Windows NT 10.0; Win64; x64) AppleWebKit/537.36 (KHTML, like Gecko) Chrome/100.0.4896.75 Safari/537.36"
::1 - - [15/Apr/2022:07:44:26 +0000] "PUT /routes/artists/1 HTTP/1.1" 400 47 "http://localhost:3000/" "Mozilla/5.0 (Windows NT 10.0; Win64; x64) AppleWebKit/537.36 (KHTML, like Gecko) Chrome/100.0.4896.75 Safari/537.36"
::1 - - [15/Apr/2022:07:44:29 +0000] "PUT /routes/artists/2 HTTP/1.1" 200 49 "http://localhost:3000/" "Mozilla/5.0 (Windows NT 10.0; Win64; x64) AppleWebKit/537.36 (KHTML, like Gecko) Chrome/100.0.4896.75 Safari/537.36"
::1 - - [15/Apr/2022:07:46:55 +0000] "GET /routes/artists HTTP/1.1" 200 498 "http://localhost:3000/" "Mozilla/5.0 (Windows NT 10.0; Win64; x64) AppleWebKit/537.36 (KHTML, like Gecko) Chrome/100.0.4896.75 Safari/537.36"
::1 - - [15/Apr/2022:07:48:04 +0000] "DELETE /routes/songs/1 HTTP/1.1" 200 32 "http://localhost:3000/" "Mozilla/5.0 (Windows NT 10.0; Win64; x64) AppleWebKit/537.36 (KHTML, like Gecko) Chrome/100.0.4896.75 Safari/537.36"
::1 - - [15/Apr/2022:07:48:10 +0000] "DELETE /routes/songs/1 HTTP/1.1" 400 47 "http://localhost:3000/" "Mozilla/5.0 (Windows NT 10.0; Win64; x64) AppleWebKit/537.36 (KHTML, like Gecko) Chrome/100.0.4896.75 Safari/537.36"
::1 - - [15/Apr/2022:07:49:57 +0000] "GET /routes/songs HTTP/1.1" 200 615 "http://localhost:3000/" "Mozilla/5.0 (Windows NT 10.0; Win64; x64) AppleWebKit/537.36 (KHTML, like Gecko) Chrome/100.0.4896.75 Safari/537.36"
::1 - - [15/Apr/2022:07:51:13 +0000] "POST /routes/songs/get-song HTTP/1.1" 400 69 "http://localhost:3000/" "Mozilla/5.0 (Windows NT 10.0; Win64; x64) AppleWebKit/537.36 (KHTML, like Gecko) Chrome/100.0.4896.75 Safari/537.36"
::1 - - [15/Apr/2022:07:51:24 +0000] "POST /routes/songs/get-song HTTP/1.1" 200 69 "http://localhost:3000/" "Mozilla/5.0 (Windows NT 10.0; Win64; x64) AppleWebKit/537.36 (KHTML, like Gecko) Chrome/100.0.4896.75 Safari/537.36"
::1 - - [15/Apr/2022:07:51:25 +0000] "POST /routes/songs/get-song HTTP/1.1" 200 69 "http://localhost:3000/" "Mozilla/5.0 (Windows NT 10.0; Win64; x64) AppleWebKit/537.36 (KHTML, like Gecko) Chrome/100.0.4896.75 Safari/537.36"
::1 - - [15/Apr/2022:07:51:29 +0000] "POST /routes/songs/get-song HTTP/1.1" 400 24 "http://localhost:3000/" "Mozilla/5.0 (Windows NT 10.0; Win64; x64) AppleWebKit/537.36 (KHTML, like Gecko) Chrome/100.0.4896.75 Safari/537.36"
::1 - - [15/Apr/2022:07:55:30 +0000] "POST /routes/songs/get-song HTTP/1.1" 400 24 "http://localhost:3000/" "Mozilla/5.0 (Windows NT 10.0; Win64; x64) AppleWebKit/537.36 (KHTML, like Gecko) Chrome/100.0.4896.75 Safari/537.36"
::1 - - [15/Apr/2022:07:55:34 +0000] "POST /routes/songs/get-song HTTP/1.1" 200 69 "http://localhost:3000/" "Mozilla/5.0 (Windows NT 10.0; Win64; x64) AppleWebKit/537.36 (KHTML, like Gecko) Chrome/100.0.4896.75 Safari/537.36"
::1 - - [15/Apr/2022:07:55:36 +0000] "POST /routes/songs/get-song HTTP/1.1" 200 69 "http://localhost:3000/" "Mozilla/5.0 (Windows NT 10.0; Win64; x64) AppleWebKit/537.36 (KHTML, like Gecko) Chrome/100.0.4896.75 Safari/537.36"
::1 - - [15/Apr/2022:07:55:47 +0000] "GET /routes/artists HTTP/1.1" 304 - "http://localhost:3000/" "Mozilla/5.0 (Windows NT 10.0; Win64; x64) AppleWebKit/537.36 (KHTML, like Gecko) Chrome/100.0.4896.75 Safari/537.36"
::1 - - [15/Apr/2022:07:55:54 +0000] "GET /routes/artists HTTP/1.1" 304 - "http://localhost:3000/" "Mozilla/5.0 (Windows NT 10.0; Win64; x64) AppleWebKit/537.36 (KHTML, like Gecko) Chrome/100.0.4896.75 Safari/537.36"
::1 - - [15/Apr/2022:07:56:54 +0000] "GET /routes/artists HTTP/1.1" 200 498 "-" "PostmanRuntime/7.29.0"
- | GET | /routes/artists | 14.345 ms
- | GET | /routes/artists | 3.932 ms
::1 - - [15/Apr/2022:08:03:49 +0000] "GET /routes/artists HTTP/1.1" 304 - "http://localhost:3000/" "Mozilla/5.0 (Windows NT 10.0; Win64; x64) AppleWebKit/537.36 (KHTML, like Gecko) Chrome/100.0.4896.75 Safari/537.36"
::1 - - [15/Apr/2022:08:05:41 +0000] "POST /routes/artists/get-artist HTTP/1.1" 400 30 "http://localhost:3000/" "Mozilla/5.0 (Windows NT 10.0; Win64; x64) AppleWebKit/537.36 (KHTML, like Gecko) Chrome/100.0.4896.75 Safari/537.36"
::1 - - [15/Apr/2022:08:05:43 +0000] "GET /routes/artists HTTP/1.1" 304 - "http://localhost:3000/" "Mozilla/5.0 (Windows NT 10.0; Win64; x64) AppleWebKit/537.36 (KHTML, like Gecko) Chrome/100.0.4896.75 Safari/537.36"
::1 - - [15/Apr/2022:08:05:49 +0000] "POST /routes/artists/get-artist HTTP/1.1" 200 323 "http://localhost:3000/" "Mozilla/5.0 (Windows NT 10.0; Win64; x64) AppleWebKit/537.36 (KHTML, like Gecko) Chrome/100.0.4896.75 Safari/537.36"
::1 - - [15/Apr/2022:08:17:53 +0000] "POST /routes/artists/get-artist HTTP/1.1" 200 323 "http://localhost:3000/" "Mozilla/5.0 (Windows NT 10.0; Win64; x64) AppleWebKit/537.36 (KHTML, like Gecko) Chrome/100.0.4896.75 Safari/537.36"
::1 - - [15/Apr/2022:08:17:56 +0000] "POST /routes/artists/get-artist HTTP/1.1" 400 30 "http://localhost:3000/" "Mozilla/5.0 (Windows NT 10.0; Win64; x64) AppleWebKit/537.36 (KHTML, like Gecko) Chrome/100.0.4896.75 Safari/537.36"
::1 - - [15/Apr/2022:08:23:08 +0000] "POST /routes/artists/add-artist HTTP/1.1" 400 57 "http://localhost:3000/" "Mozilla/5.0 (Windows NT 10.0; Win64; x64) AppleWebKit/537.36 (KHTML, like Gecko) Chrome/100.0.4896.75 Safari/537.36"
::1 - - [15/Apr/2022:08:28:56 +0000] "GET /routes/artists HTTP/1.1" 304 - "http://localhost:3000/" "Mozilla/5.0 (Windows NT 10.0; Win64; x64) AppleWebKit/537.36 (KHTML, like Gecko) Chrome/100.0.4896.75 Safari/537.36"
::1 - - [15/Apr/2022:08:28:58 +0000] "POST /routes/artists/add-artist HTTP/1.1" 400 57 "http://localhost:3000/" "Mozilla/5.0 (Windows NT 10.0; Win64; x64) AppleWebKit/537.36 (KHTML, like Gecko) Chrome/100.0.4896.75 Safari/537.36"
::1 - - [15/Apr/2022:08:29:00 +0000] "POST /routes/artists/get-artist HTTP/1.1" 400 30 "http://localhost:3000/" "Mozilla/5.0 (Windows NT 10.0; Win64; x64) AppleWebKit/537.36 (KHTML, like Gecko) Chrome/100.0.4896.75 Safari/537.36"
::1 - - [15/Apr/2022:08:29:02 +0000] "POST /routes/artists/get-artist HTTP/1.1" 200 323 "http://localhost:3000/" "Mozilla/5.0 (Windows NT 10.0; Win64; x64) AppleWebKit/537.36 (KHTML, like Gecko) Chrome/100.0.4896.75 Safari/537.36"
::1 - - [15/Apr/2022:08:29:04 +0000] "DELETE /routes/artists/4 HTTP/1.1" 400 49 "http://localhost:3000/" "Mozilla/5.0 (Windows NT 10.0; Win64; x64) AppleWebKit/537.36 (KHTML, like Gecko) Chrome/100.0.4896.75 Safari/537.36"
::1 - - [15/Apr/2022:08:41:15 +0000] "POST /routes/artists/get-artist HTTP/1.1" 200 323 "http://localhost:3000/" "Mozilla/5.0 (Windows NT 10.0; Win64; x64) AppleWebKit/537.36 (KHTML, like Gecko) Chrome/100.0.4896.75 Safari/537.36"
::1 - - [15/Apr/2022:08:41:18 +0000] "POST /routes/artists/get-artist HTTP/1.1" 400 30 "http://localhost:3000/" "Mozilla/5.0 (Windows NT 10.0; Win64; x64) AppleWebKit/537.36 (KHTML, like Gecko) Chrome/100.0.4896.75 Safari/537.36"
::1 - - [15/Apr/2022:08:41:26 +0000] "GET /routes/artists HTTP/1.1" 304 - "http://localhost:3000/" "Mozilla/5.0 (Windows NT 10.0; Win64; x64) AppleWebKit/537.36 (KHTML, like Gecko) Chrome/100.0.4896.75 Safari/537.36"
