warn: Apr-15-2022 10:22:04: 	Hey
info: Apr-15-2022 10:22:04: 	Server is running on PORT 3000
error: Apr-15-2022 10:22:17: 	Hey
info: Apr-15-2022 10:22:17: 	Server is running on PORT 3000
info: Apr-15-2022 10:22:28: 	Server is running on PORT 3000
info: Apr-15-2022 10:32:45: 	Server is running on PORT 3000
info: Apr-15-2022 10:33:42: 	Server is running on PORT 3000
info: Apr-15-2022 10:34:10: 	Server is running on PORT 3000
info: Apr-15-2022 10:34:50: 	Server is running on PORT 3000
info: Apr-15-2022 10:36:51: 	Server is running on PORT 3000
error: Apr-15-2022 10:37:24: 	400 || Bad Request - /routes/artists/add-artist - POST - ::1
info: Apr-15-2022 10:39:03: 	Server is running on PORT 3000
info: Apr-15-2022 10:39:16: 	200 || undefined - /routes/artists/add-artist - POST - ::1
info: Apr-15-2022 10:39:30: 	Server is running on PORT 3000
info: Apr-15-2022 10:39:37: 	200 || OK - /routes/artists/add-artist - POST - ::1
info: Apr-15-2022 10:40:10: 	Server is running on PORT 3000
info: Apr-15-2022 10:40:12: 	Server is running on PORT 3000
info: Apr-15-2022 10:40:17: 	Server is running on PORT 3000
info: Apr-15-2022 10:40:29: 	Server is running on PORT 3000
info: Apr-15-2022 10:42:03: 	Server is running on PORT 3000
error: Apr-15-2022 10:42:12: 	200 || OK - /routes/artists/5 - DELETE - ::1
info: Apr-15-2022 10:42:31: 	Server is running on PORT 3000
info: Apr-15-2022 10:42:35: 	200 || OK - /routes/artists/4 - DELETE - ::1
info: Apr-15-2022 10:44:05: 	Server is running on PORT 3000
info: Apr-15-2022 10:44:15: 	Server is running on PORT 3000
error: Apr-15-2022 10:44:26: 	400 || Bad Request - /routes/artists/1 - PUT - ::1
info: Apr-15-2022 10:44:29: 	200 || OK - /routes/artists/2 - PUT - ::1
info: Apr-15-2022 10:45:12: 	Server is running on PORT 3000
info: Apr-15-2022 10:45:30: 	Server is running on PORT 3000
info: Apr-15-2022 10:45:58: 	Server is running on PORT 3000
info: Apr-15-2022 10:46:06: 	Server is running on PORT 3000
info: Apr-15-2022 10:46:48: 	Server is running on PORT 3000
info: Apr-15-2022 10:46:55: 	200 || OK - /routes/artists - GET - ::1
info: Apr-15-2022 10:47:55: 	Server is running on PORT 3000
info: Apr-15-2022 10:47:57: 	Server is running on PORT 3000
info: Apr-15-2022 10:48:04: 	200 || OK - /routes/songs/1 - DELETE - ::1
error: Apr-15-2022 10:48:10: 	400 || Bad Request - /routes/songs/1 - DELETE - ::1
info: Apr-15-2022 10:49:00: 	Server is running on PORT 3000
info: Apr-15-2022 10:49:50: 	Server is running on PORT 3000
info: Apr-15-2022 10:49:57: 	200 || OK - /routes/songs - GET - ::1
info: Apr-15-2022 10:51:09: 	Server is running on PORT 3000
info: Apr-15-2022 10:51:23: 	Server is running on PORT 3000
info: Apr-15-2022 10:51:24: 	200 || OK - /routes/songs/get-song - POST - ::1
info: Apr-15-2022 10:51:25: 	200 || OK - /routes/songs/get-song - POST - ::1
error: Apr-15-2022 10:51:29: 	400 || Bad Request - /routes/songs/get-song - POST - ::1
info: Apr-15-2022 10:53:23: 	Server is running on PORT 3000
info: Apr-15-2022 10:53:54: 	Server is running on PORT 3000
info: Apr-15-2022 10:54:09: 	Server is running on PORT 3000
info: Apr-15-2022 10:54:18: 	Server is running on PORT 3000
error: Apr-15-2022 10:55:30: 	400 || Bad Request - /routes/songs/get-song - POST - ::1
info: Apr-15-2022 10:55:34: 	200 || OK - /routes/songs/get-song - POST - ::1
info: Apr-15-2022 10:55:36: 	200 || OK - /routes/songs/get-song - POST - ::1
info: Apr-15-2022 10:55:47: 	200 || Not Modified - /routes/artists - GET - ::1
info: Apr-15-2022 10:55:54: 	200 || Not Modified - /routes/artists - GET - ::1
info: Apr-15-2022 10:56:54: 	200 || OK - /routes/artists - GET - ::1
info: Apr-15-2022 11:02:45: 	Server is running on PORT 3000
info: Apr-15-2022 11:03:02: 	Server is running on PORT 3000
info: Apr-15-2022 11:03:09: 	200 || Not Modified - /routes/artists - GET - ::1
info: Apr-15-2022 11:03:14: 	200 || Not Modified - /routes/artists - GET - ::1
info: Apr-15-2022 11:03:39: 	Server is running on PORT 3000
info: Apr-15-2022 11:03:48: 	Server is running on PORT 3000
info: Apr-15-2022 11:03:49: 	200 || Not Modified - /routes/artists - GET - ::1
error: Apr-15-2022 11:05:41: 	400 || Bad Request - /routes/artists/get-artist - POST - ::1
info: Apr-15-2022 11:05:43: 	200 || Not Modified - /routes/artists - GET - ::1
info: Apr-15-2022 11:05:49: 	200 || OK - /routes/artists/get-artist - POST - ::1
info: Apr-15-2022 11:07:01: 	Server is running on PORT 3000
info: Apr-15-2022 11:17:49: 	Server is running on PORT 3000
info: Apr-15-2022 11:17:53: 	200 || OK - /routes/artists/get-artist - POST - ::1
error: Apr-15-2022 11:17:56: 	400 || Bad Request - /routes/artists/get-artist - POST - ::1
info: Apr-15-2022 11:20:29: 	Server is running on PORT 3000
error: Apr-15-2022 11:23:08: 	400 || Bad Request - /routes/artists/add-artist - POST - ::1
info: Apr-15-2022 11:28:22: 	Server is running on PORT 3000
info: Apr-15-2022 11:28:38: 	Server is running on PORT 3000
info: Apr-15-2022 11:28:40: 	Server is running on PORT 3000
info: Apr-15-2022 11:28:40: 	Server is running on PORT 3000
info: Apr-15-2022 11:28:42: 	Server is running on PORT 3000
info: Apr-15-2022 11:28:45: 	Server is running on PORT 3000
info: Apr-15-2022 11:28:46: 	Server is running on PORT 3000
info: Apr-15-2022 11:28:48: 	Server is running on PORT 3000
info: Apr-15-2022 11:28:51: 	Server is running on PORT 3000
info: Apr-15-2022 11:28:52: 	Server is running on PORT 3000
info: Apr-15-2022 11:28:56: 	200 || Not Modified - /routes/artists - GET - ::1
error: Apr-15-2022 11:28:58: 	400 || Bad Request - /routes/artists/add-artist - POST - ::1
error: Apr-15-2022 11:29:00: 	400 || Bad Request - /routes/artists/get-artist - POST - ::1
info: Apr-15-2022 11:29:02: 	200 || OK - /routes/artists/get-artist - POST - ::1
error: Apr-15-2022 11:29:04: 	400 || Bad Request - /routes/artists/4 - DELETE - ::1
info: Apr-15-2022 11:41:15: 	200 || OK - /routes/artists/get-artist - POST - ::1
error: Apr-15-2022 11:41:18: 	400 || Bad Request - /routes/artists/get-artist - POST - ::1
info: Apr-15-2022 11:41:26: 	200 || Not Modified - /routes/artists - GET - ::1
info: Apr-15-2022 11:54:56: 	Server is running on PORT 3000
info: Apr-15-2022 11:55:04: 	Server is running on PORT 3000
info: Apr-15-2022 11:55:08: 	Server is running on PORT 3000
info: Apr-15-2022 11:56:23: 	Connection has been established successfully.
info: Apr-15-2022 11:56:23: 	Server is running on PORT 3000
info: Apr-15-2022 11:56:58: 	Connection has been established successfully.
info: Apr-15-2022 11:56:58: 	Server is running on PORT 3000
info: Apr-15-2022 11:57:14: 	Connection has been established successfully.
info: Apr-15-2022 11:57:14: 	Server is running on PORT 3000
info: Apr-15-2022 11:57:36: 	Connection has been established successfully.
info: Apr-15-2022 11:57:36: 	Server is running on PORT 3000
info: Apr-15-2022 11:57:39: 	Connection has been established successfully.
info: Apr-15-2022 11:57:39: 	Server is running on PORT 3000
error: Apr-15-2022 11:59:13: 	Unable to connect to the database: password authentication failed for user "potgres"
error: Apr-15-2022 11:59:18: 	Unable to connect to the database: password authentication failed for user "potgres"
info: Apr-15-2022 11:59:47: 	Connection has been established successfully.
info: Apr-15-2022 11:59:47: 	Server is running on PORT 3000
info: Apr-15-2022 11:59:55: 	Connection has been established successfully.
info: Apr-15-2022 11:59:55: 	Server is running on PORT 3000
